<?xml version="1.0" encoding="UTF-8"?>
<!-- Generated by org.testng.reporters.JUnitReportReporter -->
<testsuite hostname="LAPTOP-PB6VVPBA" failures="0" tests="2" name="seleniumproject.MavenProject.SeleniumTest" time="0.000" errors="0" timestamp="01 Jan 2022 13:45:04 GMT" skipped="0">
  <testcase classname="seleniumproject.MavenProject.SeleniumTest" name="SeleniumSampleTest" time="0.000"/>
  <testcase classname="seleniumproject.MavenProject.SeleniumTest" name="SeleniumTestCase" time="0.000"/>
</testsuite> <!-- seleniumproject.MavenProject.SeleniumTest -->
