<?xml version="1.0" encoding="UTF-8"?>
<!-- Generated by org.testng.reporters.JUnitReportReporter -->
<testsuite hostname="LAPTOP-PB6VVPBA" failures="0" tests="2" name="seleniumproject.MavenProject.SampleTest" time="0.004" errors="0" timestamp="01 Jan 2022 13:45:04 GMT" skipped="0">
  <testcase classname="seleniumproject.MavenProject.SampleTest" name="mobileTestCase" time="0.000"/>
  <testcase classname="seleniumproject.MavenProject.SampleTest" name="mobileSampleTest" time="0.004"/>
</testsuite> <!-- seleniumproject.MavenProject.SampleTest -->
